23/01/2008 21:22:52 [DEBUG]: NoteManager created with note path "/home/dave/.tomboy".
23/01/2008 21:22:52 [INFO]: Initializing Mono.Addins
23/01/2008 21:22:53 [DEBUG]: AddinManager.OnAddinLoaded: Tomboy.Tomboy
23/01/2008 21:22:54 [DEBUG]: AddinManager.OnAddinLoaded: Tomboy.PrintNotesAddin
23/01/2008 21:22:54 [DEBUG]: 	       Name: Printing Support
23/01/2008 21:22:54 [DEBUG]: 	Description: Allows you to print a note.
23/01/2008 21:22:54 [DEBUG]: 	  Namespace: Tomboy
23/01/2008 21:22:54 [DEBUG]: 	    Enabled: True
23/01/2008 21:22:54 [DEBUG]: 	       File: /usr/lib/tomboy/addins/PrintNotes.dll
23/01/2008 21:22:54 [DEBUG]: AddinManager.OnAddinLoaded: Tomboy.FixedWidthAddin
23/01/2008 21:22:54 [DEBUG]: 	       Name: Fixed Width
23/01/2008 21:22:54 [DEBUG]: 	Description: Adds fixed-width font style.
23/01/2008 21:22:54 [DEBUG]: 	  Namespace: Tomboy
23/01/2008 21:22:54 [DEBUG]: 	    Enabled: True
23/01/2008 21:22:54 [DEBUG]: 	       File: /usr/lib/tomboy/addins/FixedWidth.dll
23/01/2008 21:22:54 [DEBUG]: AddinManager.OnAddinLoaded: Tomboy.StickyNoteImportAddin
23/01/2008 21:22:54 [DEBUG]: 	       Name: Sticky Notes Importer
23/01/2008 21:22:54 [DEBUG]: 	Description: Import your notes from the Sticky Notes applet.
23/01/2008 21:22:54 [DEBUG]: 	  Namespace: Tomboy
23/01/2008 21:22:54 [DEBUG]: 	    Enabled: True
23/01/2008 21:22:54 [DEBUG]: 	       File: /usr/lib/tomboy/addins/StickyNoteImport.dll
23/01/2008 21:22:54 [DEBUG]: StickyNoteImporter: Sticky Notes XML file does not exist or is invalid!
23/01/2008 21:22:54 [DEBUG]: AddinManager.OnAddinLoaded: Tomboy.BacklinksAddin
23/01/2008 21:22:54 [DEBUG]: 	       Name: Backlinks
23/01/2008 21:22:54 [DEBUG]: 	Description: See which notes link to the one you're currently viewing.
23/01/2008 21:22:54 [DEBUG]: 	  Namespace: Tomboy
23/01/2008 21:22:54 [DEBUG]: 	    Enabled: True
23/01/2008 21:22:54 [DEBUG]: 	       File: /usr/lib/tomboy/addins/Backlinks.dll
23/01/2008 21:22:54 [DEBUG]: AddinManager.OnAddinLoaded: Tomboy.ExportToHtmlAddin
23/01/2008 21:22:54 [DEBUG]: 	       Name: Export to HTML
23/01/2008 21:22:54 [DEBUG]: 	Description: Exports individual notes to HTML.
23/01/2008 21:22:54 [DEBUG]: 	  Namespace: Tomboy
23/01/2008 21:22:54 [DEBUG]: 	    Enabled: True
23/01/2008 21:22:54 [DEBUG]: 	       File: /usr/lib/tomboy/addins/ExportToHtml.dll
23/01/2008 21:22:54 [DEBUG]: AddinManager.OnAddinLoaded: Tomboy.EvolutionAddin
23/01/2008 21:22:54 [DEBUG]: 	       Name: Evolution Mail Integration
23/01/2008 21:22:54 [DEBUG]: 	Description: Allows you to drag an email from Evolution into a tomboy note.  The message subject is added as a link in the note.
23/01/2008 21:22:54 [DEBUG]: 	  Namespace: Tomboy
23/01/2008 21:22:54 [DEBUG]: 	    Enabled: True
23/01/2008 21:22:54 [DEBUG]: 	       File: /usr/lib/tomboy/addins/Evolution.dll
23/01/2008 21:22:55 [DEBUG]: Creating Buffer for 'Start Here'...
23/01/2008 21:22:55 [DEBUG]: Matching Note title 'Using Links in Tomboy' at 386-407...
23/01/2008 21:22:55 [DEBUG]: Matching Note title 'Using Links in Tomboy' at 439-460...
23/01/2008 21:22:55 [DEBUG]: Start Here tags:
23/01/2008 21:22:55 [DEBUG]: AddinManager.OnAddinLoaded: Tomboy.WebDavSyncServiceAddin
23/01/2008 21:22:55 [DEBUG]: 	       Name: WebDav Sync Service Add-in
23/01/2008 21:22:55 [DEBUG]: 	Description: Synchronize Tomboy Notes to a WebDav URL
23/01/2008 21:22:55 [DEBUG]: 	  Namespace: Tomboy
23/01/2008 21:22:55 [DEBUG]: 	    Enabled: True
23/01/2008 21:22:55 [DEBUG]: 	       File: /usr/lib/tomboy/addins/WebDavSyncService.dll
23/01/2008 21:22:55 [DEBUG]: AddinManager.OnAddinLoaded: Tomboy.FileSystemSyncServiceAddin
23/01/2008 21:22:55 [DEBUG]: 	       Name: Local Directory Sync Service Add-in
23/01/2008 21:22:55 [DEBUG]: 	Description: Synchronize Tomboy Notes to a local file system path
23/01/2008 21:22:55 [DEBUG]: 	  Namespace: Tomboy
23/01/2008 21:22:55 [DEBUG]: 	    Enabled: True
23/01/2008 21:22:55 [DEBUG]: 	       File: /usr/lib/tomboy/addins/FileSystemSyncService.dll
23/01/2008 21:22:55 [DEBUG]: Unable to locate 'gnomesu' in your PATH
23/01/2008 21:22:55 [DEBUG]: Using '/usr/bin/gksu' as GUI 'su' tool
23/01/2008 21:22:55 [DEBUG]: Successfully found system tools
23/01/2008 21:22:55 [DEBUG]: Unable to locate 'wdfs' in your PATH
23/01/2008 21:22:55 [DEBUG]: Tomboy remote control active.
23/01/2008 21:22:55 [DEBUG]: EnableDisable Called: enabling... True
23/01/2008 21:22:55 [DEBUG]: Binding key '<Alt>F12' for '/apps/tomboy/global_keybindings/show_note_menu'
23/01/2008 21:22:55 [DEBUG]: Binding key '<Alt>F11' for '/apps/tomboy/global_keybindings/open_start_here'
23/01/2008 21:22:59 [DEBUG]: Saving 'Using Links in Tomboy'...
23/01/2008 21:23:00 [DEBUG]: Saving 'Start Here'...
23/01/2008 21:23:12 [DEBUG]: Creating Buffer for 'New Note 3'...
23/01/2008 21:23:12 [DEBUG]: New Note 3 tags:
23/01/2008 21:23:35 [DEBUG]: Renaming note from New Note 3 to what up yasaf
23/01/2008 21:23:47 [DEBUG]: Renaming note from what up yasaf to (Untitled 4)
23/01/2008 21:23:51 [DEBUG]: Saving '(Untitled 4)'...
23/01/2008 21:24:04 [DEBUG]: Saving '(Untitled 4)'...
23/01/2008 21:24:17 [DEBUG]: Saving 'Start Here'...
23/01/2008 21:41:52 [DEBUG]: Quitting Tomboy.  Ciao!
23/01/2008 21:41:52 [DEBUG]: Saving unsaved notes...
